[debug] [2020-11-15T20:47:42.409Z] ----------------------------------------------------------------------
[debug] [2020-11-15T20:47:42.410Z] Command:       /usr/local/bin/node /usr/local/bin/firebase init
[debug] [2020-11-15T20:47:42.411Z] CLI Version:   8.16.2
[debug] [2020-11-15T20:47:42.411Z] Platform:      linux
[debug] [2020-11-15T20:47:42.411Z] Node Version:  v14.2.0
[debug] [2020-11-15T20:47:42.411Z] Time:          Sun Nov 15 2020 22:47:42 GMT+0200 (Israel Standard Time)
[debug] [2020-11-15T20:47:42.411Z] ----------------------------------------------------------------------
[debug] [2020-11-15T20:47:42.411Z] 
[debug] [2020-11-15T20:47:42.412Z] >>> [apiv2][query] GET https://firebase-public.firebaseio.com/cli.json [none]
[debug] [2020-11-15T20:47:42.420Z] > command requires scopes: ["email","openid","https://www.googleapis.com/auth/cloudplatformprojects.readonly","https://www.googleapis.com/auth/firebase","https://www.googleapis.com/auth/cloud-platform"]
[debug] [2020-11-15T20:47:42.420Z] > authorizing via signed-in user
[info] 
     ######## #### ########  ######## ########     ###     ######  ########
     ##        ##  ##     ## ##       ##     ##  ##   ##  ##       ##
     ######    ##  ########  ######   ########  #########  ######  ######
     ##        ##  ##    ##  ##       ##     ## ##     ##       ## ##
     ##       #### ##     ## ######## ########  ##     ##  ######  ########

You're about to initialize a Firebase project in this directory:

  /home/vidal/Desktop/task-manager-assignment/task-manager

[debug] [2020-11-15T20:47:43.193Z] <<< [apiv2][status] GET https://firebase-public.firebaseio.com/cli.json 200
[debug] [2020-11-15T20:47:43.193Z] <<< [apiv2][body] GET https://firebase-public.firebaseio.com/cli.json {"cloudBuildErrorAfter":1594252800000,"cloudBuildWarnAfter":1590019200000,"defaultNode10After":1594252800000,"minVersion":"3.0.5","node8DeploysDisabledAfter":1613390400000,"node8RuntimeDisabledAfter":1615809600000,"node8WarnAfter":1600128000000}
